2014/10/28 02:15:06 [error] [exception.CDbException] exception 'CDbException' with message 'CDbConnection failed to open the DB connection: SQLSTATE[42000] [1049] Unknown database 'mastaki'' in /Applications/MAMP/htdocs/mastaki/framework/db/CDbConnection.php:382
Stack trace:
#0 /Applications/MAMP/htdocs/mastaki/framework/db/CDbConnection.php(330): CDbConnection->open()
#1 /Applications/MAMP/htdocs/mastaki/framework/db/CDbConnection.php(308): CDbConnection->setActive(true)
#2 /Applications/MAMP/htdocs/mastaki/framework/base/CModule.php(387): CDbConnection->init()
#3 /Applications/MAMP/htdocs/mastaki/framework/base/CModule.php(103): CModule->getComponent('db')
#4 /Applications/MAMP/htdocs/mastaki/framework/gii/generators/model/ModelCode.php(60): CModule->__get('db')
#5 /Applications/MAMP/htdocs/mastaki/framework/web/CFormModel.php(39): ModelCode->init()
#6 /Applications/MAMP/htdocs/mastaki/framework/gii/CCodeGenerator.php(153): CFormModel->__construct()
#7 /Applications/MAMP/htdocs/mastaki/framework/gii/CCodeGenerator.php(63): CCodeGenerator->prepare()
#8 /Applications/MAMP/htdocs/mastaki/framework/web/actions/CInlineAction.php(49): CCodeGenerator->actionIndex()
#9 /Applications/MAMP/htdocs/mastaki/framework/web/CController.php(308): CInlineAction->runWithParams(Array)
#10 /Applications/MAMP/htdocs/mastaki/framework/web/CController.php(286): CController->runAction(Object(CInlineAction))
#11 /Applications/MAMP/htdocs/mastaki/framework/web/CController.php(265): CController->runActionWithFilters(Object(CInlineAction), Array)
#12 /Applications/MAMP/htdocs/mastaki/framework/web/CWebApplication.php(282): CController->run('index')
#13 /Applications/MAMP/htdocs/mastaki/framework/web/CWebApplication.php(141): CWebApplication->runController('gii/model/index')
#14 /Applications/MAMP/htdocs/mastaki/framework/base/CApplication.php(180): CWebApplication->processRequest()
#15 /Applications/MAMP/htdocs/mastaki/index.php(13): CApplication->run()
#16 {main}
REQUEST_URI=/index.php?r=gii/model/index
HTTP_REFERER=http://mastaki/index.php?r=gii/default/index
---
2014/10/28 02:33:31 [error] [exception.CHttpException.404] exception 'CHttpException' with message 'The system is unable to find the requested action "deviceType".' in /Applications/MAMP/htdocs/mastaki/framework/web/CController.php:483
Stack trace:
#0 /Applications/MAMP/htdocs/mastaki/framework/web/CController.php(270): CController->missingAction('deviceType')
#1 /Applications/MAMP/htdocs/mastaki/framework/web/CWebApplication.php(282): CController->run('deviceType')
#2 /Applications/MAMP/htdocs/mastaki/framework/web/CWebApplication.php(141): CWebApplication->runController('site/deviceType')
#3 /Applications/MAMP/htdocs/mastaki/framework/base/CApplication.php(180): CWebApplication->processRequest()
#4 /Applications/MAMP/htdocs/mastaki/index.php(13): CApplication->run()
#5 {main}
REQUEST_URI=/index.php?r=site/deviceType&id=3
HTTP_REFERER=http://mastaki/index.php?r=site/login
---
2014/10/28 02:33:32 [error] [exception.CHttpException.404] exception 'CHttpException' with message 'The system is unable to find the requested action "deviceType".' in /Applications/MAMP/htdocs/mastaki/framework/web/CController.php:483
Stack trace:
#0 /Applications/MAMP/htdocs/mastaki/framework/web/CController.php(270): CController->missingAction('deviceType')
#1 /Applications/MAMP/htdocs/mastaki/framework/web/CWebApplication.php(282): CController->run('deviceType')
#2 /Applications/MAMP/htdocs/mastaki/framework/web/CWebApplication.php(141): CWebApplication->runController('site/deviceType')
#3 /Applications/MAMP/htdocs/mastaki/framework/base/CApplication.php(180): CWebApplication->processRequest()
#4 /Applications/MAMP/htdocs/mastaki/index.php(13): CApplication->run()
#5 {main}
REQUEST_URI=/index.php?r=site/deviceType&id=4
HTTP_REFERER=http://mastaki/index.php?r=site/deviceType&id=3
---
2014/10/28 02:33:53 [error] [exception.CHttpException.404] exception 'CHttpException' with message 'The system is unable to find the requested action "deviceType".' in /Applications/MAMP/htdocs/mastaki/framework/web/CController.php:483
Stack trace:
#0 /Applications/MAMP/htdocs/mastaki/framework/web/CController.php(270): CController->missingAction('deviceType')
#1 /Applications/MAMP/htdocs/mastaki/framework/web/CWebApplication.php(282): CController->run('deviceType')
#2 /Applications/MAMP/htdocs/mastaki/framework/web/CWebApplication.php(141): CWebApplication->runController('site/deviceType')
#3 /Applications/MAMP/htdocs/mastaki/framework/base/CApplication.php(180): CWebApplication->processRequest()
#4 /Applications/MAMP/htdocs/mastaki/index.php(13): CApplication->run()
#5 {main}
REQUEST_URI=/index.php?r=site/deviceType&id=4
HTTP_REFERER=http://mastaki/index.php?r=site/deviceType&id=3
---
2014/10/28 02:33:56 [error] [exception.CHttpException.404] exception 'CHttpException' with message 'The system is unable to find the requested action "deviceType".' in /Applications/MAMP/htdocs/mastaki/framework/web/CController.php:483
Stack trace:
#0 /Applications/MAMP/htdocs/mastaki/framework/web/CController.php(270): CController->missingAction('deviceType')
#1 /Applications/MAMP/htdocs/mastaki/framework/web/CWebApplication.php(282): CController->run('deviceType')
#2 /Applications/MAMP/htdocs/mastaki/framework/web/CWebApplication.php(141): CWebApplication->runController('site/deviceType')
#3 /Applications/MAMP/htdocs/mastaki/framework/base/CApplication.php(180): CWebApplication->processRequest()
#4 /Applications/MAMP/htdocs/mastaki/index.php(13): CApplication->run()
#5 {main}
REQUEST_URI=/index.php?r=site/deviceType&id=1
HTTP_REFERER=http://mastaki/index.php?r=site/deviceType&id=4
---
2014/10/28 02:33:57 [error] [exception.CHttpException.404] exception 'CHttpException' with message 'The system is unable to find the requested action "deviceType".' in /Applications/MAMP/htdocs/mastaki/framework/web/CController.php:483
Stack trace:
#0 /Applications/MAMP/htdocs/mastaki/framework/web/CController.php(270): CController->missingAction('deviceType')
#1 /Applications/MAMP/htdocs/mastaki/framework/web/CWebApplication.php(282): CController->run('deviceType')
#2 /Applications/MAMP/htdocs/mastaki/framework/web/CWebApplication.php(141): CWebApplication->runController('site/deviceType')
#3 /Applications/MAMP/htdocs/mastaki/framework/base/CApplication.php(180): CWebApplication->processRequest()
#4 /Applications/MAMP/htdocs/mastaki/index.php(13): CApplication->run()
#5 {main}
REQUEST_URI=/index.php?r=site/deviceType&id=2
HTTP_REFERER=http://mastaki/index.php?r=site/deviceType&id=1
---
2014/10/28 02:35:00 [error] [exception.CHttpException.404] exception 'CHttpException' with message 'The system is unable to find the requested action "deviceType".' in /Applications/MAMP/htdocs/mastaki/framework/web/CController.php:483
Stack trace:
#0 /Applications/MAMP/htdocs/mastaki/framework/web/CController.php(270): CController->missingAction('deviceType')
#1 /Applications/MAMP/htdocs/mastaki/framework/web/CWebApplication.php(282): CController->run('deviceType')
#2 /Applications/MAMP/htdocs/mastaki/framework/web/CWebApplication.php(141): CWebApplication->runController('site/deviceType')
#3 /Applications/MAMP/htdocs/mastaki/framework/base/CApplication.php(180): CWebApplication->processRequest()
#4 /Applications/MAMP/htdocs/mastaki/index.php(13): CApplication->run()
#5 {main}
REQUEST_URI=/index.php?r=site/deviceType&id=2
HTTP_REFERER=http://mastaki/index.php?r=site/deviceType&id=1
---
2014/10/28 02:36:41 [error] [exception.CHttpException.404] exception 'CHttpException' with message 'The system is unable to find the requested action "deviceType".' in /Applications/MAMP/htdocs/mastaki/framework/web/CController.php:483
Stack trace:
#0 /Applications/MAMP/htdocs/mastaki/framework/web/CController.php(270): CController->missingAction('deviceType')
#1 /Applications/MAMP/htdocs/mastaki/framework/web/CWebApplication.php(282): CController->run('deviceType')
#2 /Applications/MAMP/htdocs/mastaki/framework/web/CWebApplication.php(141): CWebApplication->runController('site/deviceType')
#3 /Applications/MAMP/htdocs/mastaki/framework/base/CApplication.php(180): CWebApplication->processRequest()
#4 /Applications/MAMP/htdocs/mastaki/index.php(13): CApplication->run()
#5 {main}
REQUEST_URI=/index.php?r=site/deviceType&id=2
HTTP_REFERER=http://mastaki/index.php?r=site/deviceType&id=1
---
2014/10/28 02:36:50 [error] [exception.CHttpException.404] exception 'CHttpException' with message 'The system is unable to find the requested action "deviceType".' in /Applications/MAMP/htdocs/mastaki/framework/web/CController.php:483
Stack trace:
#0 /Applications/MAMP/htdocs/mastaki/framework/web/CController.php(270): CController->missingAction('deviceType')
#1 /Applications/MAMP/htdocs/mastaki/framework/web/CWebApplication.php(282): CController->run('deviceType')
#2 /Applications/MAMP/htdocs/mastaki/framework/web/CWebApplication.php(141): CWebApplication->runController('site/deviceType')
#3 /Applications/MAMP/htdocs/mastaki/framework/base/CApplication.php(180): CWebApplication->processRequest()
#4 /Applications/MAMP/htdocs/mastaki/index.php(13): CApplication->run()
#5 {main}
REQUEST_URI=/index.php?r=site/deviceType&id=2
HTTP_REFERER=http://mastaki/index.php?r=site/deviceType&id=1
---
2014/10/28 02:40:49 [error] [exception.CException] exception 'CException' with message 'SiteController cannot find the requested view "deviceType".' in /Applications/MAMP/htdocs/mastaki/framework/web/CController.php:878
Stack trace:
#0 /Applications/MAMP/htdocs/mastaki/framework/web/CController.php(782): CController->renderPartial('deviceType', Array, true)
#1 /Applications/MAMP/htdocs/mastaki/protected/controllers/SiteController.php(56): CController->render('deviceType', Array)
#2 [internal function]: SiteController->actionDeviceType('1')
#3 /Applications/MAMP/htdocs/mastaki/framework/web/actions/CAction.php(108): ReflectionMethod->invokeArgs(Object(SiteController), Array)
#4 /Applications/MAMP/htdocs/mastaki/framework/web/actions/CInlineAction.php(47): CAction->runWithParamsInternal(Object(SiteController), Object(ReflectionMethod), Array)
#5 /Applications/MAMP/htdocs/mastaki/framework/web/CController.php(308): CInlineAction->runWithParams(Array)
#6 /Applications/MAMP/htdocs/mastaki/framework/web/CController.php(286): CController->runAction(Object(CInlineAction))
#7 /Applications/MAMP/htdocs/mastaki/framework/web/CController.php(265): CController->runActionWithFilters(Object(CInlineAction), Array)
#8 /Applications/MAMP/htdocs/mastaki/framework/web/CWebApplication.php(282): CController->run('deviceType')
#9 /Applications/MAMP/htdocs/mastaki/framework/web/CWebApplication.php(141): CWebApplication->runController('site/deviceType')
#10 /Applications/MAMP/htdocs/mastaki/framework/base/CApplication.php(180): CWebApplication->processRequest()
#11 /Applications/MAMP/htdocs/mastaki/index.php(13): CApplication->run()
#12 {main}
REQUEST_URI=/index.php?r=site/deviceType&id=1
HTTP_REFERER=http://mastaki/index.php
---
2014/10/28 03:24:53 [error] [exception.CDbException] exception 'CDbException' with message 'Table "device" does not have a column named "type_id".' in /Applications/MAMP/htdocs/mastaki/framework/db/schema/CDbCommandBuilder.php:694
Stack trace:
#0 /Applications/MAMP/htdocs/mastaki/framework/db/ar/CActiveRecord.php(1535): CDbCommandBuilder->createColumnCriteria(Object(CMysqlTableSchema), Array, '', Array, '`t`.')
#1 /Applications/MAMP/htdocs/mastaki/protected/controllers/SiteController.php(55): CActiveRecord->findAllByAttributes(Array)
#2 [internal function]: SiteController->actionDeviceType('1')
#3 /Applications/MAMP/htdocs/mastaki/framework/web/actions/CAction.php(108): ReflectionMethod->invokeArgs(Object(SiteController), Array)
#4 /Applications/MAMP/htdocs/mastaki/framework/web/actions/CInlineAction.php(47): CAction->runWithParamsInternal(Object(SiteController), Object(ReflectionMethod), Array)
#5 /Applications/MAMP/htdocs/mastaki/framework/web/CController.php(308): CInlineAction->runWithParams(Array)
#6 /Applications/MAMP/htdocs/mastaki/framework/web/CController.php(286): CController->runAction(Object(CInlineAction))
#7 /Applications/MAMP/htdocs/mastaki/framework/web/CController.php(265): CController->runActionWithFilters(Object(CInlineAction), Array)
#8 /Applications/MAMP/htdocs/mastaki/framework/web/CWebApplication.php(282): CController->run('deviceType')
#9 /Applications/MAMP/htdocs/mastaki/framework/web/CWebApplication.php(141): CWebApplication->runController('site/deviceType')
#10 /Applications/MAMP/htdocs/mastaki/framework/base/CApplication.php(180): CWebApplication->processRequest()
#11 /Applications/MAMP/htdocs/mastaki/index.php(13): CApplication->run()
#12 {main}
REQUEST_URI=/index.php?r=site/deviceType&id=1
HTTP_REFERER=http://mastaki/index.php
---
2014/10/28 03:27:13 [error] [exception.CDbException] exception 'CDbException' with message 'Relation "device_type" is not defined in active record class "Device".' in /Applications/MAMP/htdocs/mastaki/framework/db/ar/CActiveFinder.php:226
Stack trace:
#0 /Applications/MAMP/htdocs/mastaki/framework/db/ar/CActiveFinder.php(296): CActiveFinder->buildJoinTree(Object(CJoinElement), 'device_type')
#1 /Applications/MAMP/htdocs/mastaki/framework/db/ar/CActiveFinder.php(48): CActiveFinder->buildJoinTree(Object(CJoinElement), Array)
#2 /Applications/MAMP/htdocs/mastaki/framework/db/ar/CActiveRecord.php(909): CActiveFinder->__construct(Object(Device), Array)
#3 /Applications/MAMP/htdocs/mastaki/framework/db/ar/CActiveRecord.php(1355): CActiveRecord->getActiveFinder(Array)
#4 /Applications/MAMP/htdocs/mastaki/framework/db/ar/CActiveRecord.php(1536): CActiveRecord->query(Object(CDbCriteria), true)
#5 /Applications/MAMP/htdocs/mastaki/protected/controllers/SiteController.php(55): CActiveRecord->findAllByAttributes(Array)
#6 [internal function]: SiteController->actionDeviceType('1')
#7 /Applications/MAMP/htdocs/mastaki/framework/web/actions/CAction.php(108): ReflectionMethod->invokeArgs(Object(SiteController), Array)
#8 /Applications/MAMP/htdocs/mastaki/framework/web/actions/CInlineAction.php(47): CAction->runWithParamsInternal(Object(SiteController), Object(ReflectionMethod), Array)
#9 /Applications/MAMP/htdocs/mastaki/framework/web/CController.php(308): CInlineAction->runWithParams(Array)
#10 /Applications/MAMP/htdocs/mastaki/framework/web/CController.php(286): CController->runAction(Object(CInlineAction))
#11 /Applications/MAMP/htdocs/mastaki/framework/web/CController.php(265): CController->runActionWithFilters(Object(CInlineAction), Array)
#12 /Applications/MAMP/htdocs/mastaki/framework/web/CWebApplication.php(282): CController->run('deviceType')
#13 /Applications/MAMP/htdocs/mastaki/framework/web/CWebApplication.php(141): CWebApplication->runController('site/deviceType')
#14 /Applications/MAMP/htdocs/mastaki/framework/base/CApplication.php(180): CWebApplication->processRequest()
#15 /Applications/MAMP/htdocs/mastaki/index.php(13): CApplication->run()
#16 {main}
REQUEST_URI=/index.php?r=site/deviceType&id=1
HTTP_REFERER=http://mastaki/index.php
---
2014/10/28 03:27:33 [error] [exception.CDbException] exception 'CDbException' with message 'Relation "device_type" is not defined in active record class "Device".' in /Applications/MAMP/htdocs/mastaki/framework/db/ar/CActiveFinder.php:226
Stack trace:
#0 /Applications/MAMP/htdocs/mastaki/framework/db/ar/CActiveFinder.php(296): CActiveFinder->buildJoinTree(Object(CJoinElement), 'device_type')
#1 /Applications/MAMP/htdocs/mastaki/framework/db/ar/CActiveFinder.php(48): CActiveFinder->buildJoinTree(Object(CJoinElement), Array)
#2 /Applications/MAMP/htdocs/mastaki/framework/db/ar/CActiveRecord.php(909): CActiveFinder->__construct(Object(Device), Array)
#3 /Applications/MAMP/htdocs/mastaki/framework/db/ar/CActiveRecord.php(1355): CActiveRecord->getActiveFinder(Array)
#4 /Applications/MAMP/htdocs/mastaki/framework/db/ar/CActiveRecord.php(1536): CActiveRecord->query(Object(CDbCriteria), true)
#5 /Applications/MAMP/htdocs/mastaki/protected/controllers/SiteController.php(55): CActiveRecord->findAllByAttributes(Array)
#6 [internal function]: SiteController->actionDeviceType('1')
#7 /Applications/MAMP/htdocs/mastaki/framework/web/actions/CAction.php(108): ReflectionMethod->invokeArgs(Object(SiteController), Array)
#8 /Applications/MAMP/htdocs/mastaki/framework/web/actions/CInlineAction.php(47): CAction->runWithParamsInternal(Object(SiteController), Object(ReflectionMethod), Array)
#9 /Applications/MAMP/htdocs/mastaki/framework/web/CController.php(308): CInlineAction->runWithParams(Array)
#10 /Applications/MAMP/htdocs/mastaki/framework/web/CController.php(286): CController->runAction(Object(CInlineAction))
#11 /Applications/MAMP/htdocs/mastaki/framework/web/CController.php(265): CController->runActionWithFilters(Object(CInlineAction), Array)
#12 /Applications/MAMP/htdocs/mastaki/framework/web/CWebApplication.php(282): CController->run('deviceType')
#13 /Applications/MAMP/htdocs/mastaki/framework/web/CWebApplication.php(141): CWebApplication->runController('site/deviceType')
#14 /Applications/MAMP/htdocs/mastaki/framework/base/CApplication.php(180): CWebApplication->processRequest()
#15 /Applications/MAMP/htdocs/mastaki/index.php(13): CApplication->run()
#16 {main}
REQUEST_URI=/index.php?r=site/deviceType&id=1
HTTP_REFERER=http://mastaki/index.php
---
2014/10/28 03:27:35 [error] [exception.CDbException] exception 'CDbException' with message 'Relation "device_type" is not defined in active record class "Device".' in /Applications/MAMP/htdocs/mastaki/framework/db/ar/CActiveFinder.php:226
Stack trace:
#0 /Applications/MAMP/htdocs/mastaki/framework/db/ar/CActiveFinder.php(296): CActiveFinder->buildJoinTree(Object(CJoinElement), 'device_type')
#1 /Applications/MAMP/htdocs/mastaki/framework/db/ar/CActiveFinder.php(48): CActiveFinder->buildJoinTree(Object(CJoinElement), Array)
#2 /Applications/MAMP/htdocs/mastaki/framework/db/ar/CActiveRecord.php(909): CActiveFinder->__construct(Object(Device), Array)
#3 /Applications/MAMP/htdocs/mastaki/framework/db/ar/CActiveRecord.php(1355): CActiveRecord->getActiveFinder(Array)
#4 /Applications/MAMP/htdocs/mastaki/framework/db/ar/CActiveRecord.php(1536): CActiveRecord->query(Object(CDbCriteria), true)
#5 /Applications/MAMP/htdocs/mastaki/protected/controllers/SiteController.php(55): CActiveRecord->findAllByAttributes(Array)
#6 [internal function]: SiteController->actionDeviceType('1')
#7 /Applications/MAMP/htdocs/mastaki/framework/web/actions/CAction.php(108): ReflectionMethod->invokeArgs(Object(SiteController), Array)
#8 /Applications/MAMP/htdocs/mastaki/framework/web/actions/CInlineAction.php(47): CAction->runWithParamsInternal(Object(SiteController), Object(ReflectionMethod), Array)
#9 /Applications/MAMP/htdocs/mastaki/framework/web/CController.php(308): CInlineAction->runWithParams(Array)
#10 /Applications/MAMP/htdocs/mastaki/framework/web/CController.php(286): CController->runAction(Object(CInlineAction))
#11 /Applications/MAMP/htdocs/mastaki/framework/web/CController.php(265): CController->runActionWithFilters(Object(CInlineAction), Array)
#12 /Applications/MAMP/htdocs/mastaki/framework/web/CWebApplication.php(282): CController->run('deviceType')
#13 /Applications/MAMP/htdocs/mastaki/framework/web/CWebApplication.php(141): CWebApplication->runController('site/deviceType')
#14 /Applications/MAMP/htdocs/mastaki/framework/base/CApplication.php(180): CWebApplication->processRequest()
#15 /Applications/MAMP/htdocs/mastaki/index.php(13): CApplication->run()
#16 {main}
REQUEST_URI=/index.php?r=site/deviceType&id=1
HTTP_REFERER=http://mastaki/index.php
---
2014/10/28 03:28:05 [error] [exception.CDbException] exception 'CDbException' with message 'Relation "device_type" is not defined in active record class "Device".' in /Applications/MAMP/htdocs/mastaki/framework/db/ar/CActiveFinder.php:226
Stack trace:
#0 /Applications/MAMP/htdocs/mastaki/framework/db/ar/CActiveFinder.php(296): CActiveFinder->buildJoinTree(Object(CJoinElement), 'device_type')
#1 /Applications/MAMP/htdocs/mastaki/framework/db/ar/CActiveFinder.php(48): CActiveFinder->buildJoinTree(Object(CJoinElement), Array)
#2 /Applications/MAMP/htdocs/mastaki/framework/db/ar/CActiveRecord.php(909): CActiveFinder->__construct(Object(Device), Array)
#3 /Applications/MAMP/htdocs/mastaki/framework/db/ar/CActiveRecord.php(1355): CActiveRecord->getActiveFinder(Array)
#4 /Applications/MAMP/htdocs/mastaki/framework/db/ar/CActiveRecord.php(1536): CActiveRecord->query(Object(CDbCriteria), true)
#5 /Applications/MAMP/htdocs/mastaki/protected/controllers/SiteController.php(55): CActiveRecord->findAllByAttributes(Array)
#6 [internal function]: SiteController->actionDeviceType('1')
#7 /Applications/MAMP/htdocs/mastaki/framework/web/actions/CAction.php(108): ReflectionMethod->invokeArgs(Object(SiteController), Array)
#8 /Applications/MAMP/htdocs/mastaki/framework/web/actions/CInlineAction.php(47): CAction->runWithParamsInternal(Object(SiteController), Object(ReflectionMethod), Array)
#9 /Applications/MAMP/htdocs/mastaki/framework/web/CController.php(308): CInlineAction->runWithParams(Array)
#10 /Applications/MAMP/htdocs/mastaki/framework/web/CController.php(286): CController->runAction(Object(CInlineAction))
#11 /Applications/MAMP/htdocs/mastaki/framework/web/CController.php(265): CController->runActionWithFilters(Object(CInlineAction), Array)
#12 /Applications/MAMP/htdocs/mastaki/framework/web/CWebApplication.php(282): CController->run('deviceType')
#13 /Applications/MAMP/htdocs/mastaki/framework/web/CWebApplication.php(141): CWebApplication->runController('site/deviceType')
#14 /Applications/MAMP/htdocs/mastaki/framework/base/CApplication.php(180): CWebApplication->processRequest()
#15 /Applications/MAMP/htdocs/mastaki/index.php(13): CApplication->run()
#16 {main}
REQUEST_URI=/index.php?r=site/deviceType&id=1
HTTP_REFERER=http://mastaki/index.php
---
2014/10/28 03:30:15 [error] [exception.CHttpException.400] exception 'CHttpException' with message 'Your request is invalid.' in /Applications/MAMP/htdocs/mastaki/framework/web/CController.php:336
Stack trace:
#0 /Applications/MAMP/htdocs/mastaki/framework/web/CController.php(309): CController->invalidActionParams(Object(CInlineAction))
#1 /Applications/MAMP/htdocs/mastaki/framework/web/CController.php(286): CController->runAction(Object(CInlineAction))
#2 /Applications/MAMP/htdocs/mastaki/framework/web/CController.php(265): CController->runActionWithFilters(Object(CInlineAction), Array)
#3 /Applications/MAMP/htdocs/mastaki/framework/web/CWebApplication.php(282): CController->run('deviceType')
#4 /Applications/MAMP/htdocs/mastaki/framework/web/CWebApplication.php(141): CWebApplication->runController('site/deviceType')
#5 /Applications/MAMP/htdocs/mastaki/framework/base/CApplication.php(180): CWebApplication->processRequest()
#6 /Applications/MAMP/htdocs/mastaki/index.php(13): CApplication->run()
#7 {main}
REQUEST_URI=/index.php?r=site/deviceType&id=1
HTTP_REFERER=http://mastaki/index.php
---
2014/10/28 03:32:15 [error] [exception.CDbException] exception 'CDbException' with message 'Table "manufacturer" does not have a column named "devices.type_id".' in /Applications/MAMP/htdocs/mastaki/framework/db/schema/CDbCommandBuilder.php:694
Stack trace:
#0 /Applications/MAMP/htdocs/mastaki/framework/db/ar/CActiveRecord.php(1535): CDbCommandBuilder->createColumnCriteria(Object(CMysqlTableSchema), Array, '', Array, '`t`.')
#1 /Applications/MAMP/htdocs/mastaki/protected/controllers/SiteController.php(57): CActiveRecord->findAllByAttributes(Array)
#2 [internal function]: SiteController->actionDeviceType('1', NULL, NULL)
#3 /Applications/MAMP/htdocs/mastaki/framework/web/actions/CAction.php(108): ReflectionMethod->invokeArgs(Object(SiteController), Array)
#4 /Applications/MAMP/htdocs/mastaki/framework/web/actions/CInlineAction.php(47): CAction->runWithParamsInternal(Object(SiteController), Object(ReflectionMethod), Array)
#5 /Applications/MAMP/htdocs/mastaki/framework/web/CController.php(308): CInlineAction->runWithParams(Array)
#6 /Applications/MAMP/htdocs/mastaki/framework/web/CController.php(286): CController->runAction(Object(CInlineAction))
#7 /Applications/MAMP/htdocs/mastaki/framework/web/CController.php(265): CController->runActionWithFilters(Object(CInlineAction), Array)
#8 /Applications/MAMP/htdocs/mastaki/framework/web/CWebApplication.php(282): CController->run('deviceType')
#9 /Applications/MAMP/htdocs/mastaki/framework/web/CWebApplication.php(141): CWebApplication->runController('site/deviceType')
#10 /Applications/MAMP/htdocs/mastaki/framework/base/CApplication.php(180): CWebApplication->processRequest()
#11 /Applications/MAMP/htdocs/mastaki/index.php(13): CApplication->run()
#12 {main}
REQUEST_URI=/index.php?r=site/deviceType&type_id=1
HTTP_REFERER=http://mastaki/index.php
---
2014/10/28 03:32:34 [error] [exception.CDbException] exception 'CDbException' with message 'Table "manufacturer" does not have a column named "devices.type_id".' in /Applications/MAMP/htdocs/mastaki/framework/db/schema/CDbCommandBuilder.php:694
Stack trace:
#0 /Applications/MAMP/htdocs/mastaki/framework/db/ar/CActiveRecord.php(1535): CDbCommandBuilder->createColumnCriteria(Object(CMysqlTableSchema), Array, '', Array, '`t`.')
#1 /Applications/MAMP/htdocs/mastaki/protected/controllers/SiteController.php(57): CActiveRecord->findAllByAttributes(Array)
#2 [internal function]: SiteController->actionDeviceType('1', NULL, NULL)
#3 /Applications/MAMP/htdocs/mastaki/framework/web/actions/CAction.php(108): ReflectionMethod->invokeArgs(Object(SiteController), Array)
#4 /Applications/MAMP/htdocs/mastaki/framework/web/actions/CInlineAction.php(47): CAction->runWithParamsInternal(Object(SiteController), Object(ReflectionMethod), Array)
#5 /Applications/MAMP/htdocs/mastaki/framework/web/CController.php(308): CInlineAction->runWithParams(Array)
#6 /Applications/MAMP/htdocs/mastaki/framework/web/CController.php(286): CController->runAction(Object(CInlineAction))
#7 /Applications/MAMP/htdocs/mastaki/framework/web/CController.php(265): CController->runActionWithFilters(Object(CInlineAction), Array)
#8 /Applications/MAMP/htdocs/mastaki/framework/web/CWebApplication.php(282): CController->run('deviceType')
#9 /Applications/MAMP/htdocs/mastaki/framework/web/CWebApplication.php(141): CWebApplication->runController('site/deviceType')
#10 /Applications/MAMP/htdocs/mastaki/framework/base/CApplication.php(180): CWebApplication->processRequest()
#11 /Applications/MAMP/htdocs/mastaki/index.php(13): CApplication->run()
#12 {main}
REQUEST_URI=/index.php?r=site/deviceType&type_id=1
HTTP_REFERER=http://mastaki/index.php
---
2014/10/28 03:32:35 [error] [exception.CDbException] exception 'CDbException' with message 'Table "manufacturer" does not have a column named "devices.type_id".' in /Applications/MAMP/htdocs/mastaki/framework/db/schema/CDbCommandBuilder.php:694
Stack trace:
#0 /Applications/MAMP/htdocs/mastaki/framework/db/ar/CActiveRecord.php(1535): CDbCommandBuilder->createColumnCriteria(Object(CMysqlTableSchema), Array, '', Array, '`t`.')
#1 /Applications/MAMP/htdocs/mastaki/protected/controllers/SiteController.php(57): CActiveRecord->findAllByAttributes(Array)
#2 [internal function]: SiteController->actionDeviceType('1', NULL, NULL)
#3 /Applications/MAMP/htdocs/mastaki/framework/web/actions/CAction.php(108): ReflectionMethod->invokeArgs(Object(SiteController), Array)
#4 /Applications/MAMP/htdocs/mastaki/framework/web/actions/CInlineAction.php(47): CAction->runWithParamsInternal(Object(SiteController), Object(ReflectionMethod), Array)
#5 /Applications/MAMP/htdocs/mastaki/framework/web/CController.php(308): CInlineAction->runWithParams(Array)
#6 /Applications/MAMP/htdocs/mastaki/framework/web/CController.php(286): CController->runAction(Object(CInlineAction))
#7 /Applications/MAMP/htdocs/mastaki/framework/web/CController.php(265): CController->runActionWithFilters(Object(CInlineAction), Array)
#8 /Applications/MAMP/htdocs/mastaki/framework/web/CWebApplication.php(282): CController->run('deviceType')
#9 /Applications/MAMP/htdocs/mastaki/framework/web/CWebApplication.php(141): CWebApplication->runController('site/deviceType')
#10 /Applications/MAMP/htdocs/mastaki/framework/base/CApplication.php(180): CWebApplication->processRequest()
#11 /Applications/MAMP/htdocs/mastaki/index.php(13): CApplication->run()
#12 {main}
REQUEST_URI=/index.php?r=site/deviceType&type_id=1
HTTP_REFERER=http://mastaki/index.php
---
2014/10/28 03:33:39 [error] [system.db.CDbCommand] CDbCommand::fetchAll() failed: SQLSTATE[42S22]: Column not found: 1054 Unknown column 'devices.type_id' in 'where clause'. The SQL statement executed was: SELECT * FROM `manufacturer` `t` WHERE devices.type_id = :type_id.
in /Applications/MAMP/htdocs/mastaki/protected/controllers/SiteController.php (60)
in /Applications/MAMP/htdocs/mastaki/index.php (13)
2014/10/28 03:33:39 [error] [exception.CDbException] exception 'CDbException' with message 'CDbCommand failed to execute the SQL statement: SQLSTATE[42S22]: Column not found: 1054 Unknown column 'devices.type_id' in 'where clause'. The SQL statement executed was: SELECT * FROM `manufacturer` `t` WHERE devices.type_id = :type_id' in /Applications/MAMP/htdocs/mastaki/framework/db/CDbCommand.php:543
Stack trace:
#0 /Applications/MAMP/htdocs/mastaki/framework/db/CDbCommand.php(396): CDbCommand->queryInternal('fetchAll', Array, Array)
#1 /Applications/MAMP/htdocs/mastaki/framework/db/ar/CActiveRecord.php(1351): CDbCommand->queryAll()
#2 /Applications/MAMP/htdocs/mastaki/framework/db/ar/CActiveRecord.php(1470): CActiveRecord->query(Object(CDbCriteria), true)
#3 /Applications/MAMP/htdocs/mastaki/protected/controllers/SiteController.php(60): CActiveRecord->findAll(Array)
#4 [internal function]: SiteController->actionDeviceType('1', NULL, NULL)
#5 /Applications/MAMP/htdocs/mastaki/framework/web/actions/CAction.php(108): ReflectionMethod->invokeArgs(Object(SiteController), Array)
#6 /Applications/MAMP/htdocs/mastaki/framework/web/actions/CInlineAction.php(47): CAction->runWithParamsInternal(Object(SiteController), Object(ReflectionMethod), Array)
#7 /Applications/MAMP/htdocs/mastaki/framework/web/CController.php(308): CInlineAction->runWithParams(Array)
#8 /Applications/MAMP/htdocs/mastaki/framework/web/CController.php(286): CController->runAction(Object(CInlineAction))
#9 /Applications/MAMP/htdocs/mastaki/framework/web/CController.php(265): CController->runActionWithFilters(Object(CInlineAction), Array)
#10 /Applications/MAMP/htdocs/mastaki/framework/web/CWebApplication.php(282): CController->run('deviceType')
#11 /Applications/MAMP/htdocs/mastaki/framework/web/CWebApplication.php(141): CWebApplication->runController('site/deviceType')
#12 /Applications/MAMP/htdocs/mastaki/framework/base/CApplication.php(180): CWebApplication->processRequest()
#13 /Applications/MAMP/htdocs/mastaki/index.php(13): CApplication->run()
#14 {main}
REQUEST_URI=/index.php?r=site/deviceType&type_id=1
HTTP_REFERER=http://mastaki/index.php
---
2014/10/28 03:36:31 [error] [system.db.CDbCommand] CDbCommand::fetchAll() failed: SQLSTATE[23000]: Integrity constraint violation: 1052 Column 'id' in order clause is ambiguous. The SQL statement executed was: SELECT `t`.`id` AS `t0_c0`, `t`.`name` AS `t0_c1`, `devices`.`id` AS `t1_c0`, `devices`.`name` AS `t1_c1`, `devices`.`manufacturer_id` AS `t1_c2`, `devices`.`type_id` AS `t1_c3` FROM `manufacturer` `t`  LEFT OUTER JOIN `device` `devices` ON (`devices`.`manufacturer_id`=`t`.`id`)  WHERE (devices.type_id = :type_id) ORDER BY id DESC.
in /Applications/MAMP/htdocs/mastaki/protected/controllers/SiteController.php (61)
in /Applications/MAMP/htdocs/mastaki/index.php (13)
2014/10/28 03:36:31 [error] [exception.CDbException] exception 'CDbException' with message 'CDbCommand failed to execute the SQL statement: SQLSTATE[23000]: Integrity constraint violation: 1052 Column 'id' in order clause is ambiguous. The SQL statement executed was: SELECT `t`.`id` AS `t0_c0`, `t`.`name` AS `t0_c1`, `devices`.`id` AS `t1_c0`, `devices`.`name` AS `t1_c1`, `devices`.`manufacturer_id` AS `t1_c2`, `devices`.`type_id` AS `t1_c3` FROM `manufacturer` `t`  LEFT OUTER JOIN `device` `devices` ON (`devices`.`manufacturer_id`=`t`.`id`)  WHERE (devices.type_id = :type_id) ORDER BY id DESC' in /Applications/MAMP/htdocs/mastaki/framework/db/CDbCommand.php:543
Stack trace:
#0 /Applications/MAMP/htdocs/mastaki/framework/db/CDbCommand.php(396): CDbCommand->queryInternal('fetchAll', Array, Array)
#1 /Applications/MAMP/htdocs/mastaki/framework/db/ar/CActiveFinder.php(803): CDbCommand->queryAll()
#2 /Applications/MAMP/htdocs/mastaki/framework/db/ar/CActiveFinder.php(437): CJoinElement->runQuery(Object(CJoinQuery))
#3 /Applications/MAMP/htdocs/mastaki/framework/db/ar/CActiveFinder.php(68): CJoinElement->find(Object(CDbCriteria))
#4 /Applications/MAMP/htdocs/mastaki/framework/db/ar/CActiveRecord.php(1356): CActiveFinder->query(Object(CDbCriteria), true)
#5 /Applications/MAMP/htdocs/mastaki/framework/db/ar/CActiveRecord.php(1470): CActiveRecord->query(Object(CDbCriteria), true)
#6 /Applications/MAMP/htdocs/mastaki/protected/controllers/SiteController.php(61): CActiveRecord->findAll(Array)
#7 [internal function]: SiteController->actionDeviceType('1', NULL, NULL)
#8 /Applications/MAMP/htdocs/mastaki/framework/web/actions/CAction.php(108): ReflectionMethod->invokeArgs(Object(SiteController), Array)
#9 /Applications/MAMP/htdocs/mastaki/framework/web/actions/CInlineAction.php(47): CAction->runWithParamsInternal(Object(SiteController), Object(ReflectionMethod), Array)
#10 /Applications/MAMP/htdocs/mastaki/framework/web/CController.php(308): CInlineAction->runWithParams(Array)
#11 /Applications/MAMP/htdocs/mastaki/framework/web/CController.php(286): CController->runAction(Object(CInlineAction))
#12 /Applications/MAMP/htdocs/mastaki/framework/web/CController.php(265): CController->runActionWithFilters(Object(CInlineAction), Array)
#13 /Applications/MAMP/htdocs/mastaki/framework/web/CWebApplication.php(282): CController->run('deviceType')
#14 /Applications/MAMP/htdocs/mastaki/framework/web/CWebApplication.php(141): CWebApplication->runController('site/deviceType')
#15 /Applications/MAMP/htdocs/mastaki/framework/base/CApplication.php(180): CWebApplication->processRequest()
#16 /Applications/MAMP/htdocs/mastaki/index.php(13): CApplication->run()
#17 {main}
REQUEST_URI=/index.php?r=site/deviceType&type_id=1
HTTP_REFERER=http://mastaki/index.php
---
2014/10/28 03:42:17 [error] [php] Undefined variable: devices (/Applications/MAMP/htdocs/mastaki/protected/views/layouts/deviceType.php:36)
Stack trace:
#0 /Applications/MAMP/htdocs/mastaki/framework/web/CController.php(784): SiteController->renderFile()
#1 /Applications/MAMP/htdocs/mastaki/protected/controllers/SiteController.php(77): SiteController->render()
#2 unknown(0): SiteController->actionDeviceType()
#3 /Applications/MAMP/htdocs/mastaki/framework/web/actions/CAction.php(108): ReflectionMethod->invokeArgs()
#4 /Applications/MAMP/htdocs/mastaki/framework/web/actions/CInlineAction.php(47): CInlineAction->runWithParamsInternal()
#5 /Applications/MAMP/htdocs/mastaki/framework/web/CController.php(308): CInlineAction->runWithParams()
#6 /Applications/MAMP/htdocs/mastaki/framework/web/CController.php(286): SiteController->runAction()
#7 /Applications/MAMP/htdocs/mastaki/framework/web/CController.php(265): SiteController->runActionWithFilters()
#8 /Applications/MAMP/htdocs/mastaki/framework/web/CWebApplication.php(282): SiteController->run()
#9 /Applications/MAMP/htdocs/mastaki/framework/web/CWebApplication.php(141): CWebApplication->runController()
#10 /Applications/MAMP/htdocs/mastaki/framework/base/CApplication.php(180): CWebApplication->processRequest()
#11 /Applications/MAMP/htdocs/mastaki/index.php(13): CWebApplication->run()
REQUEST_URI=/index.php?r=site/deviceType&type_id=1
in /Applications/MAMP/htdocs/mastaki/protected/views/layouts/deviceType.php (36)
in /Applications/MAMP/htdocs/mastaki/protected/controllers/SiteController.php (77)
in /Applications/MAMP/htdocs/mastaki/index.php (13)
2014/10/28 03:45:50 [error] [exception.CException] exception 'CException' with message 'Device and its behaviors do not have a method or closure named "width".' in /Applications/MAMP/htdocs/mastaki/framework/base/CComponent.php:266
Stack trace:
#0 /Applications/MAMP/htdocs/mastaki/framework/db/ar/CActiveRecord.php(227): CComponent->__call('width', Array)
#1 /Applications/MAMP/htdocs/mastaki/protected/controllers/SiteController.php(72): CActiveRecord->__call('width', Array)
#2 /Applications/MAMP/htdocs/mastaki/protected/controllers/SiteController.php(72): Device->width('deviceProblems')
#3 [internal function]: SiteController->actionDeviceType('1', NULL, NULL)
#4 /Applications/MAMP/htdocs/mastaki/framework/web/actions/CAction.php(108): ReflectionMethod->invokeArgs(Object(SiteController), Array)
#5 /Applications/MAMP/htdocs/mastaki/framework/web/actions/CInlineAction.php(47): CAction->runWithParamsInternal(Object(SiteController), Object(ReflectionMethod), Array)
#6 /Applications/MAMP/htdocs/mastaki/framework/web/CController.php(308): CInlineAction->runWithParams(Array)
#7 /Applications/MAMP/htdocs/mastaki/framework/web/CController.php(286): CController->runAction(Object(CInlineAction))
#8 /Applications/MAMP/htdocs/mastaki/framework/web/CController.php(265): CController->runActionWithFilters(Object(CInlineAction), Array)
#9 /Applications/MAMP/htdocs/mastaki/framework/web/CWebApplication.php(282): CController->run('deviceType')
#10 /Applications/MAMP/htdocs/mastaki/framework/web/CWebApplication.php(141): CWebApplication->runController('site/deviceType')
#11 /Applications/MAMP/htdocs/mastaki/framework/base/CApplication.php(180): CWebApplication->processRequest()
#12 /Applications/MAMP/htdocs/mastaki/index.php(13): CApplication->run()
#13 {main}
REQUEST_URI=/index.php?r=site/deviceType&type_id=1
---
2014/10/28 03:47:07 [error] [exception.CDbException] exception 'CDbException' with message 'Relation "problem" is not defined in active record class "Device".' in /Applications/MAMP/htdocs/mastaki/framework/db/ar/CActiveFinder.php:226
Stack trace:
#0 /Applications/MAMP/htdocs/mastaki/framework/db/ar/CActiveFinder.php(296): CActiveFinder->buildJoinTree(Object(CJoinElement), 'problem')
#1 /Applications/MAMP/htdocs/mastaki/framework/db/ar/CActiveFinder.php(48): CActiveFinder->buildJoinTree(Object(CJoinElement), Array)
#2 /Applications/MAMP/htdocs/mastaki/framework/db/ar/CActiveRecord.php(909): CActiveFinder->__construct(Object(Device), Array)
#3 /Applications/MAMP/htdocs/mastaki/framework/db/ar/CActiveRecord.php(1355): CActiveRecord->getActiveFinder(Array)
#4 /Applications/MAMP/htdocs/mastaki/framework/db/ar/CActiveRecord.php(1486): CActiveRecord->query(Object(CDbCriteria))
#5 /Applications/MAMP/htdocs/mastaki/protected/controllers/SiteController.php(72): CActiveRecord->findByPk('1')
#6 [internal function]: SiteController->actionDeviceType('1', NULL, NULL)
#7 /Applications/MAMP/htdocs/mastaki/framework/web/actions/CAction.php(108): ReflectionMethod->invokeArgs(Object(SiteController), Array)
#8 /Applications/MAMP/htdocs/mastaki/framework/web/actions/CInlineAction.php(47): CAction->runWithParamsInternal(Object(SiteController), Object(ReflectionMethod), Array)
#9 /Applications/MAMP/htdocs/mastaki/framework/web/CController.php(308): CInlineAction->runWithParams(Array)
#10 /Applications/MAMP/htdocs/mastaki/framework/web/CController.php(286): CController->runAction(Object(CInlineAction))
#11 /Applications/MAMP/htdocs/mastaki/framework/web/CController.php(265): CController->runActionWithFilters(Object(CInlineAction), Array)
#12 /Applications/MAMP/htdocs/mastaki/framework/web/CWebApplication.php(282): CController->run('deviceType')
#13 /Applications/MAMP/htdocs/mastaki/framework/web/CWebApplication.php(141): CWebApplication->runController('site/deviceType')
#14 /Applications/MAMP/htdocs/mastaki/framework/base/CApplication.php(180): CWebApplication->processRequest()
#15 /Applications/MAMP/htdocs/mastaki/index.php(13): CApplication->run()
#16 {main}
REQUEST_URI=/index.php?r=site/deviceType&type_id=1
---
2014/10/28 03:48:47 [error] [exception.CDbException] exception 'CDbException' with message 'The relation "problem" in active record class "DeviceProblem" is specified with an invalid foreign key "problem_id". There is no such column in the table "problem".' in /Applications/MAMP/htdocs/mastaki/framework/db/ar/CActiveFinder.php:1096
Stack trace:
#0 /Applications/MAMP/htdocs/mastaki/framework/db/ar/CActiveFinder.php(1067): CJoinElement->joinOneMany(Object(CJoinElement), Array, Object(CJoinElement), Object(CJoinElement))
#1 /Applications/MAMP/htdocs/mastaki/framework/db/ar/CActiveFinder.php(1295): CJoinElement->getJoinCondition()
#2 /Applications/MAMP/htdocs/mastaki/framework/db/ar/CActiveFinder.php(790): CJoinQuery->join(Object(CJoinElement))
#3 /Applications/MAMP/htdocs/mastaki/framework/db/ar/CActiveFinder.php(791): CJoinElement->buildQuery(Object(CJoinQuery))
#4 /Applications/MAMP/htdocs/mastaki/framework/db/ar/CActiveFinder.php(435): CJoinElement->buildQuery(Object(CJoinQuery))
#5 /Applications/MAMP/htdocs/mastaki/framework/db/ar/CActiveFinder.php(68): CJoinElement->find(Object(CDbCriteria))
#6 /Applications/MAMP/htdocs/mastaki/framework/db/ar/CActiveRecord.php(1356): CActiveFinder->query(Object(CDbCriteria), false)
#7 /Applications/MAMP/htdocs/mastaki/framework/db/ar/CActiveRecord.php(1486): CActiveRecord->query(Object(CDbCriteria))
#8 /Applications/MAMP/htdocs/mastaki/protected/controllers/SiteController.php(72): CActiveRecord->findByPk('1')
#9 [internal function]: SiteController->actionDeviceType('1', NULL, NULL)
#10 /Applications/MAMP/htdocs/mastaki/framework/web/actions/CAction.php(108): ReflectionMethod->invokeArgs(Object(SiteController), Array)
#11 /Applications/MAMP/htdocs/mastaki/framework/web/actions/CInlineAction.php(47): CAction->runWithParamsInternal(Object(SiteController), Object(ReflectionMethod), Array)
#12 /Applications/MAMP/htdocs/mastaki/framework/web/CController.php(308): CInlineAction->runWithParams(Array)
#13 /Applications/MAMP/htdocs/mastaki/framework/web/CController.php(286): CController->runAction(Object(CInlineAction))
#14 /Applications/MAMP/htdocs/mastaki/framework/web/CController.php(265): CController->runActionWithFilters(Object(CInlineAction), Array)
#15 /Applications/MAMP/htdocs/mastaki/framework/web/CWebApplication.php(282): CController->run('deviceType')
#16 /Applications/MAMP/htdocs/mastaki/framework/web/CWebApplication.php(141): CWebApplication->runController('site/deviceType')
#17 /Applications/MAMP/htdocs/mastaki/framework/base/CApplication.php(180): CWebApplication->processRequest()
#18 /Applications/MAMP/htdocs/mastaki/index.php(13): CApplication->run()
#19 {main}
REQUEST_URI=/index.php?r=site/deviceType&type_id=1
---
2014/10/28 03:49:17 [error] [exception.CDbException] exception 'CDbException' with message 'The relation "problem" in active record class "DeviceProblem" is specified with an invalid foreign key "problem_id". There is no such column in the table "problem".' in /Applications/MAMP/htdocs/mastaki/framework/db/ar/CActiveFinder.php:1096
Stack trace:
#0 /Applications/MAMP/htdocs/mastaki/framework/db/ar/CActiveFinder.php(1067): CJoinElement->joinOneMany(Object(CJoinElement), Array, Object(CJoinElement), Object(CJoinElement))
#1 /Applications/MAMP/htdocs/mastaki/framework/db/ar/CActiveFinder.php(1295): CJoinElement->getJoinCondition()
#2 /Applications/MAMP/htdocs/mastaki/framework/db/ar/CActiveFinder.php(790): CJoinQuery->join(Object(CJoinElement))
#3 /Applications/MAMP/htdocs/mastaki/framework/db/ar/CActiveFinder.php(791): CJoinElement->buildQuery(Object(CJoinQuery))
#4 /Applications/MAMP/htdocs/mastaki/framework/db/ar/CActiveFinder.php(435): CJoinElement->buildQuery(Object(CJoinQuery))
#5 /Applications/MAMP/htdocs/mastaki/framework/db/ar/CActiveFinder.php(68): CJoinElement->find(Object(CDbCriteria))
#6 /Applications/MAMP/htdocs/mastaki/framework/db/ar/CActiveRecord.php(1356): CActiveFinder->query(Object(CDbCriteria), false)
#7 /Applications/MAMP/htdocs/mastaki/framework/db/ar/CActiveRecord.php(1486): CActiveRecord->query(Object(CDbCriteria))
#8 /Applications/MAMP/htdocs/mastaki/protected/controllers/SiteController.php(72): CActiveRecord->findByPk('1')
#9 [internal function]: SiteController->actionDeviceType('1', NULL, NULL)
#10 /Applications/MAMP/htdocs/mastaki/framework/web/actions/CAction.php(108): ReflectionMethod->invokeArgs(Object(SiteController), Array)
#11 /Applications/MAMP/htdocs/mastaki/framework/web/actions/CInlineAction.php(47): CAction->runWithParamsInternal(Object(SiteController), Object(ReflectionMethod), Array)
#12 /Applications/MAMP/htdocs/mastaki/framework/web/CController.php(308): CInlineAction->runWithParams(Array)
#13 /Applications/MAMP/htdocs/mastaki/framework/web/CController.php(286): CController->runAction(Object(CInlineAction))
#14 /Applications/MAMP/htdocs/mastaki/framework/web/CController.php(265): CController->runActionWithFilters(Object(CInlineAction), Array)
#15 /Applications/MAMP/htdocs/mastaki/framework/web/CWebApplication.php(282): CController->run('deviceType')
#16 /Applications/MAMP/htdocs/mastaki/framework/web/CWebApplication.php(141): CWebApplication->runController('site/deviceType')
#17 /Applications/MAMP/htdocs/mastaki/framework/base/CApplication.php(180): CWebApplication->processRequest()
#18 /Applications/MAMP/htdocs/mastaki/index.php(13): CApplication->run()
#19 {main}
REQUEST_URI=/index.php?r=site/deviceType&type_id=1
---
2014/10/28 03:49:18 [error] [exception.CDbException] exception 'CDbException' with message 'The relation "problem" in active record class "DeviceProblem" is specified with an invalid foreign key "problem_id". There is no such column in the table "problem".' in /Applications/MAMP/htdocs/mastaki/framework/db/ar/CActiveFinder.php:1096
Stack trace:
#0 /Applications/MAMP/htdocs/mastaki/framework/db/ar/CActiveFinder.php(1067): CJoinElement->joinOneMany(Object(CJoinElement), Array, Object(CJoinElement), Object(CJoinElement))
#1 /Applications/MAMP/htdocs/mastaki/framework/db/ar/CActiveFinder.php(1295): CJoinElement->getJoinCondition()
#2 /Applications/MAMP/htdocs/mastaki/framework/db/ar/CActiveFinder.php(790): CJoinQuery->join(Object(CJoinElement))
#3 /Applications/MAMP/htdocs/mastaki/framework/db/ar/CActiveFinder.php(791): CJoinElement->buildQuery(Object(CJoinQuery))
#4 /Applications/MAMP/htdocs/mastaki/framework/db/ar/CActiveFinder.php(435): CJoinElement->buildQuery(Object(CJoinQuery))
#5 /Applications/MAMP/htdocs/mastaki/framework/db/ar/CActiveFinder.php(68): CJoinElement->find(Object(CDbCriteria))
#6 /Applications/MAMP/htdocs/mastaki/framework/db/ar/CActiveRecord.php(1356): CActiveFinder->query(Object(CDbCriteria), false)
#7 /Applications/MAMP/htdocs/mastaki/framework/db/ar/CActiveRecord.php(1486): CActiveRecord->query(Object(CDbCriteria))
#8 /Applications/MAMP/htdocs/mastaki/protected/controllers/SiteController.php(72): CActiveRecord->findByPk('1')
#9 [internal function]: SiteController->actionDeviceType('1', NULL, NULL)
#10 /Applications/MAMP/htdocs/mastaki/framework/web/actions/CAction.php(108): ReflectionMethod->invokeArgs(Object(SiteController), Array)
#11 /Applications/MAMP/htdocs/mastaki/framework/web/actions/CInlineAction.php(47): CAction->runWithParamsInternal(Object(SiteController), Object(ReflectionMethod), Array)
#12 /Applications/MAMP/htdocs/mastaki/framework/web/CController.php(308): CInlineAction->runWithParams(Array)
#13 /Applications/MAMP/htdocs/mastaki/framework/web/CController.php(286): CController->runAction(Object(CInlineAction))
#14 /Applications/MAMP/htdocs/mastaki/framework/web/CController.php(265): CController->runActionWithFilters(Object(CInlineAction), Array)
#15 /Applications/MAMP/htdocs/mastaki/framework/web/CWebApplication.php(282): CController->run('deviceType')
#16 /Applications/MAMP/htdocs/mastaki/framework/web/CWebApplication.php(141): CWebApplication->runController('site/deviceType')
#17 /Applications/MAMP/htdocs/mastaki/framework/base/CApplication.php(180): CWebApplication->processRequest()
#18 /Applications/MAMP/htdocs/mastaki/index.php(13): CApplication->run()
#19 {main}
REQUEST_URI=/index.php?r=site/deviceType&type_id=1
---
2014/10/28 03:49:47 [error] [exception.CDbException] exception 'CDbException' with message 'The relation "problem" in active record class "DeviceProblem" is specified with an invalid foreign key "problem_id". There is no such column in the table "problem".' in /Applications/MAMP/htdocs/mastaki/framework/db/ar/CActiveFinder.php:1096
Stack trace:
#0 /Applications/MAMP/htdocs/mastaki/framework/db/ar/CActiveFinder.php(1067): CJoinElement->joinOneMany(Object(CJoinElement), Array, Object(CJoinElement), Object(CJoinElement))
#1 /Applications/MAMP/htdocs/mastaki/framework/db/ar/CActiveFinder.php(1295): CJoinElement->getJoinCondition()
#2 /Applications/MAMP/htdocs/mastaki/framework/db/ar/CActiveFinder.php(790): CJoinQuery->join(Object(CJoinElement))
#3 /Applications/MAMP/htdocs/mastaki/framework/db/ar/CActiveFinder.php(791): CJoinElement->buildQuery(Object(CJoinQuery))
#4 /Applications/MAMP/htdocs/mastaki/framework/db/ar/CActiveFinder.php(435): CJoinElement->buildQuery(Object(CJoinQuery))
#5 /Applications/MAMP/htdocs/mastaki/framework/db/ar/CActiveFinder.php(68): CJoinElement->find(Object(CDbCriteria))
#6 /Applications/MAMP/htdocs/mastaki/framework/db/ar/CActiveRecord.php(1356): CActiveFinder->query(Object(CDbCriteria), false)
#7 /Applications/MAMP/htdocs/mastaki/framework/db/ar/CActiveRecord.php(1486): CActiveRecord->query(Object(CDbCriteria))
#8 /Applications/MAMP/htdocs/mastaki/protected/controllers/SiteController.php(72): CActiveRecord->findByPk('1')
#9 [internal function]: SiteController->actionDeviceType('1', NULL, NULL)
#10 /Applications/MAMP/htdocs/mastaki/framework/web/actions/CAction.php(108): ReflectionMethod->invokeArgs(Object(SiteController), Array)
#11 /Applications/MAMP/htdocs/mastaki/framework/web/actions/CInlineAction.php(47): CAction->runWithParamsInternal(Object(SiteController), Object(ReflectionMethod), Array)
#12 /Applications/MAMP/htdocs/mastaki/framework/web/CController.php(308): CInlineAction->runWithParams(Array)
#13 /Applications/MAMP/htdocs/mastaki/framework/web/CController.php(286): CController->runAction(Object(CInlineAction))
#14 /Applications/MAMP/htdocs/mastaki/framework/web/CController.php(265): CController->runActionWithFilters(Object(CInlineAction), Array)
#15 /Applications/MAMP/htdocs/mastaki/framework/web/CWebApplication.php(282): CController->run('deviceType')
#16 /Applications/MAMP/htdocs/mastaki/framework/web/CWebApplication.php(141): CWebApplication->runController('site/deviceType')
#17 /Applications/MAMP/htdocs/mastaki/framework/base/CApplication.php(180): CWebApplication->processRequest()
#18 /Applications/MAMP/htdocs/mastaki/index.php(13): CApplication->run()
#19 {main}
REQUEST_URI=/index.php?r=site/deviceType&type_id=1
---
2014/10/28 03:49:48 [error] [exception.CDbException] exception 'CDbException' with message 'The relation "problem" in active record class "DeviceProblem" is specified with an invalid foreign key "problem_id". There is no such column in the table "problem".' in /Applications/MAMP/htdocs/mastaki/framework/db/ar/CActiveFinder.php:1096
Stack trace:
#0 /Applications/MAMP/htdocs/mastaki/framework/db/ar/CActiveFinder.php(1067): CJoinElement->joinOneMany(Object(CJoinElement), Array, Object(CJoinElement), Object(CJoinElement))
#1 /Applications/MAMP/htdocs/mastaki/framework/db/ar/CActiveFinder.php(1295): CJoinElement->getJoinCondition()
#2 /Applications/MAMP/htdocs/mastaki/framework/db/ar/CActiveFinder.php(790): CJoinQuery->join(Object(CJoinElement))
#3 /Applications/MAMP/htdocs/mastaki/framework/db/ar/CActiveFinder.php(791): CJoinElement->buildQuery(Object(CJoinQuery))
#4 /Applications/MAMP/htdocs/mastaki/framework/db/ar/CActiveFinder.php(435): CJoinElement->buildQuery(Object(CJoinQuery))
#5 /Applications/MAMP/htdocs/mastaki/framework/db/ar/CActiveFinder.php(68): CJoinElement->find(Object(CDbCriteria))
#6 /Applications/MAMP/htdocs/mastaki/framework/db/ar/CActiveRecord.php(1356): CActiveFinder->query(Object(CDbCriteria), false)
#7 /Applications/MAMP/htdocs/mastaki/framework/db/ar/CActiveRecord.php(1486): CActiveRecord->query(Object(CDbCriteria))
#8 /Applications/MAMP/htdocs/mastaki/protected/controllers/SiteController.php(72): CActiveRecord->findByPk('1')
#9 [internal function]: SiteController->actionDeviceType('1', NULL, NULL)
#10 /Applications/MAMP/htdocs/mastaki/framework/web/actions/CAction.php(108): ReflectionMethod->invokeArgs(Object(SiteController), Array)
#11 /Applications/MAMP/htdocs/mastaki/framework/web/actions/CInlineAction.php(47): CAction->runWithParamsInternal(Object(SiteController), Object(ReflectionMethod), Array)
#12 /Applications/MAMP/htdocs/mastaki/framework/web/CController.php(308): CInlineAction->runWithParams(Array)
#13 /Applications/MAMP/htdocs/mastaki/framework/web/CController.php(286): CController->runAction(Object(CInlineAction))
#14 /Applications/MAMP/htdocs/mastaki/framework/web/CController.php(265): CController->runActionWithFilters(Object(CInlineAction), Array)
#15 /Applications/MAMP/htdocs/mastaki/framework/web/CWebApplication.php(282): CController->run('deviceType')
#16 /Applications/MAMP/htdocs/mastaki/framework/web/CWebApplication.php(141): CWebApplication->runController('site/deviceType')
#17 /Applications/MAMP/htdocs/mastaki/framework/base/CApplication.php(180): CWebApplication->processRequest()
#18 /Applications/MAMP/htdocs/mastaki/index.php(13): CApplication->run()
#19 {main}
REQUEST_URI=/index.php?r=site/deviceType&type_id=1
---
2014/10/28 04:25:12 [error] [exception.CDbException] exception 'CDbException' with message 'Relation "deviceProblems" is not defined in active record class "Problem".' in /Applications/MAMP/htdocs/mastaki/framework/db/ar/CActiveFinder.php:226
Stack trace:
#0 /Applications/MAMP/htdocs/mastaki/framework/db/ar/CActiveFinder.php(287): CActiveFinder->buildJoinTree(Object(CJoinElement), 'deviceProblems')
#1 /Applications/MAMP/htdocs/mastaki/framework/db/ar/CActiveFinder.php(298): CActiveFinder->buildJoinTree(Object(CJoinElement), 'problems', Array)
#2 /Applications/MAMP/htdocs/mastaki/framework/db/ar/CActiveFinder.php(48): CActiveFinder->buildJoinTree(Object(CJoinElement), Array)
#3 /Applications/MAMP/htdocs/mastaki/framework/db/ar/CActiveRecord.php(909): CActiveFinder->__construct(Object(ProblemCategory), Array)
#4 /Applications/MAMP/htdocs/mastaki/framework/db/ar/CActiveRecord.php(1355): CActiveRecord->getActiveFinder(Array)
#5 /Applications/MAMP/htdocs/mastaki/framework/db/ar/CActiveRecord.php(1470): CActiveRecord->query(Object(CDbCriteria), true)
#6 /Applications/MAMP/htdocs/mastaki/protected/controllers/SiteController.php(77): CActiveRecord->findAll(Array)
#7 [internal function]: SiteController->actionDeviceType('1', '1', '1')
#8 /Applications/MAMP/htdocs/mastaki/framework/web/actions/CAction.php(108): ReflectionMethod->invokeArgs(Object(SiteController), Array)
#9 /Applications/MAMP/htdocs/mastaki/framework/web/actions/CInlineAction.php(47): CAction->runWithParamsInternal(Object(SiteController), Object(ReflectionMethod), Array)
#10 /Applications/MAMP/htdocs/mastaki/framework/web/CController.php(308): CInlineAction->runWithParams(Array)
#11 /Applications/MAMP/htdocs/mastaki/framework/web/CController.php(286): CController->runAction(Object(CInlineAction))
#12 /Applications/MAMP/htdocs/mastaki/framework/web/CController.php(265): CController->runActionWithFilters(Object(CInlineAction), Array)
#13 /Applications/MAMP/htdocs/mastaki/framework/web/CWebApplication.php(282): CController->run('deviceType')
#14 /Applications/MAMP/htdocs/mastaki/framework/web/CWebApplication.php(141): CWebApplication->runController('site/deviceType')
#15 /Applications/MAMP/htdocs/mastaki/framework/base/CApplication.php(180): CWebApplication->processRequest()
#16 /Applications/MAMP/htdocs/mastaki/index.php(13): CApplication->run()
#17 {main}
REQUEST_URI=/index.php?r=site/deviceType&type_id=1&manufacturer_id=1&device_id=1
HTTP_REFERER=http://mastaki/index.php?r=site/deviceType&type_id=1&manufacturer_id=1&device_id=5
---
2014/10/28 04:26:43 [error] [system.db.CDbCommand] CDbCommand::fetchAll() failed: SQLSTATE[42S22]: Column not found: 1054 Unknown column 'deviceProblems.device_id' in 'where clause'. The SQL statement executed was: SELECT `t`.`id` AS `t0_c0`, `t`.`name` AS `t0_c1`, `problems`.`id` AS `t1_c0`, `problems`.`name` AS `t1_c1`, `problems`.`type` AS `t1_c2`, `problems`.`problem_category_id` AS `t1_c3`, `devicesProblem`.`id` AS `t2_c0`, `devicesProblem`.`device_id` AS `t2_c1`, `devicesProblem`.`problem_id` AS `t2_c2`, `devicesProblem`.`price` AS `t2_c3` FROM `problem_category` `t`  LEFT OUTER JOIN `problem` `problems` ON (`problems`.`problem_category_id`=`t`.`id`)  LEFT OUTER JOIN `device_problem` `devicesProblem` ON (`devicesProblem`.`problem_id`=`problems`.`id`)  WHERE (deviceProblems.device_id = :device_id).
in /Applications/MAMP/htdocs/mastaki/protected/controllers/SiteController.php (77)
in /Applications/MAMP/htdocs/mastaki/index.php (13)
2014/10/28 04:26:43 [error] [exception.CDbException] exception 'CDbException' with message 'CDbCommand failed to execute the SQL statement: SQLSTATE[42S22]: Column not found: 1054 Unknown column 'deviceProblems.device_id' in 'where clause'. The SQL statement executed was: SELECT `t`.`id` AS `t0_c0`, `t`.`name` AS `t0_c1`, `problems`.`id` AS `t1_c0`, `problems`.`name` AS `t1_c1`, `problems`.`type` AS `t1_c2`, `problems`.`problem_category_id` AS `t1_c3`, `devicesProblem`.`id` AS `t2_c0`, `devicesProblem`.`device_id` AS `t2_c1`, `devicesProblem`.`problem_id` AS `t2_c2`, `devicesProblem`.`price` AS `t2_c3` FROM `problem_category` `t`  LEFT OUTER JOIN `problem` `problems` ON (`problems`.`problem_category_id`=`t`.`id`)  LEFT OUTER JOIN `device_problem` `devicesProblem` ON (`devicesProblem`.`problem_id`=`problems`.`id`)  WHERE (deviceProblems.device_id = :device_id)' in /Applications/MAMP/htdocs/mastaki/framework/db/CDbCommand.php:543
Stack trace:
#0 /Applications/MAMP/htdocs/mastaki/framework/db/CDbCommand.php(396): CDbCommand->queryInternal('fetchAll', Array, Array)
#1 /Applications/MAMP/htdocs/mastaki/framework/db/ar/CActiveFinder.php(803): CDbCommand->queryAll()
#2 /Applications/MAMP/htdocs/mastaki/framework/db/ar/CActiveFinder.php(437): CJoinElement->runQuery(Object(CJoinQuery))
#3 /Applications/MAMP/htdocs/mastaki/framework/db/ar/CActiveFinder.php(68): CJoinElement->find(Object(CDbCriteria))
#4 /Applications/MAMP/htdocs/mastaki/framework/db/ar/CActiveRecord.php(1356): CActiveFinder->query(Object(CDbCriteria), true)
#5 /Applications/MAMP/htdocs/mastaki/framework/db/ar/CActiveRecord.php(1470): CActiveRecord->query(Object(CDbCriteria), true)
#6 /Applications/MAMP/htdocs/mastaki/protected/controllers/SiteController.php(77): CActiveRecord->findAll(Array)
#7 [internal function]: SiteController->actionDeviceType('1', '1', '1')
#8 /Applications/MAMP/htdocs/mastaki/framework/web/actions/CAction.php(108): ReflectionMethod->invokeArgs(Object(SiteController), Array)
#9 /Applications/MAMP/htdocs/mastaki/framework/web/actions/CInlineAction.php(47): CAction->runWithParamsInternal(Object(SiteController), Object(ReflectionMethod), Array)
#10 /Applications/MAMP/htdocs/mastaki/framework/web/CController.php(308): CInlineAction->runWithParams(Array)
#11 /Applications/MAMP/htdocs/mastaki/framework/web/CController.php(286): CController->runAction(Object(CInlineAction))
#12 /Applications/MAMP/htdocs/mastaki/framework/web/CController.php(265): CController->runActionWithFilters(Object(CInlineAction), Array)
#13 /Applications/MAMP/htdocs/mastaki/framework/web/CWebApplication.php(282): CController->run('deviceType')
#14 /Applications/MAMP/htdocs/mastaki/framework/web/CWebApplication.php(141): CWebApplication->runController('site/deviceType')
#15 /Applications/MAMP/htdocs/mastaki/framework/base/CApplication.php(180): CWebApplication->processRequest()
#16 /Applications/MAMP/htdocs/mastaki/index.php(13): CApplication->run()
#17 {main}
REQUEST_URI=/index.php?r=site/deviceType&type_id=1&manufacturer_id=1&device_id=1
HTTP_REFERER=http://mastaki/index.php?r=site/deviceType&type_id=1&manufacturer_id=1&device_id=5
---
2014/10/28 04:48:02 [error] [php] Undefined offset: 0 (/Applications/MAMP/htdocs/mastaki/protected/controllers/SiteController.php:65)
Stack trace:
#0 /Applications/MAMP/htdocs/mastaki/framework/web/actions/CInlineAction.php(47): CInlineAction->runWithParamsInternal()
#1 /Applications/MAMP/htdocs/mastaki/framework/web/CController.php(308): CInlineAction->runWithParams()
#2 /Applications/MAMP/htdocs/mastaki/framework/web/CController.php(286): SiteController->runAction()
#3 /Applications/MAMP/htdocs/mastaki/framework/web/CController.php(265): SiteController->runActionWithFilters()
#4 /Applications/MAMP/htdocs/mastaki/framework/web/CWebApplication.php(282): SiteController->run()
#5 /Applications/MAMP/htdocs/mastaki/framework/web/CWebApplication.php(141): CWebApplication->runController()
#6 /Applications/MAMP/htdocs/mastaki/framework/base/CApplication.php(180): CWebApplication->processRequest()
#7 /Applications/MAMP/htdocs/mastaki/index.php(13): CWebApplication->run()
REQUEST_URI=/index.php?r=site/deviceType&type_id=3
in /Applications/MAMP/htdocs/mastaki/protected/controllers/SiteController.php (65)
in /Applications/MAMP/htdocs/mastaki/index.php (13)
2014/10/28 04:50:14 [error] [exception.CHttpException.101] exception 'CHttpException' with message '    ' in /Applications/MAMP/htdocs/mastaki/protected/controllers/SiteController.php:67
Stack trace:
#0 [internal function]: SiteController->actionDeviceType('3', NULL, NULL, 'BREAKDOWN')
#1 /Applications/MAMP/htdocs/mastaki/framework/web/actions/CAction.php(108): ReflectionMethod->invokeArgs(Object(SiteController), Array)
#2 /Applications/MAMP/htdocs/mastaki/framework/web/actions/CInlineAction.php(47): CAction->runWithParamsInternal(Object(SiteController), Object(ReflectionMethod), Array)
#3 /Applications/MAMP/htdocs/mastaki/framework/web/CController.php(308): CInlineAction->runWithParams(Array)
#4 /Applications/MAMP/htdocs/mastaki/framework/web/CController.php(286): CController->runAction(Object(CInlineAction))
#5 /Applications/MAMP/htdocs/mastaki/framework/web/CController.php(265): CController->runActionWithFilters(Object(CInlineAction), Array)
#6 /Applications/MAMP/htdocs/mastaki/framework/web/CWebApplication.php(282): CController->run('deviceType')
#7 /Applications/MAMP/htdocs/mastaki/framework/web/CWebApplication.php(141): CWebApplication->runController('site/deviceType')
#8 /Applications/MAMP/htdocs/mastaki/framework/base/CApplication.php(180): CWebApplication->processRequest()
#9 /Applications/MAMP/htdocs/mastaki/index.php(13): CApplication->run()
#10 {main}
REQUEST_URI=/index.php?r=site/deviceType&type_id=3
HTTP_REFERER=http://mastaki/index.php?r=site/deviceType&type_id=2
---
2014/10/28 04:50:32 [error] [exception.CHttpException.101] exception 'CHttpException' with message '    ' in /Applications/MAMP/htdocs/mastaki/protected/controllers/SiteController.php:67
Stack trace:
#0 [internal function]: SiteController->actionDeviceType('3', NULL, NULL, 'BREAKDOWN')
#1 /Applications/MAMP/htdocs/mastaki/framework/web/actions/CAction.php(108): ReflectionMethod->invokeArgs(Object(SiteController), Array)
#2 /Applications/MAMP/htdocs/mastaki/framework/web/actions/CInlineAction.php(47): CAction->runWithParamsInternal(Object(SiteController), Object(ReflectionMethod), Array)
#3 /Applications/MAMP/htdocs/mastaki/framework/web/CController.php(308): CInlineAction->runWithParams(Array)
#4 /Applications/MAMP/htdocs/mastaki/framework/web/CController.php(286): CController->runAction(Object(CInlineAction))
#5 /Applications/MAMP/htdocs/mastaki/framework/web/CController.php(265): CController->runActionWithFilters(Object(CInlineAction), Array)
#6 /Applications/MAMP/htdocs/mastaki/framework/web/CWebApplication.php(282): CController->run('deviceType')
#7 /Applications/MAMP/htdocs/mastaki/framework/web/CWebApplication.php(141): CWebApplication->runController('site/deviceType')
#8 /Applications/MAMP/htdocs/mastaki/framework/base/CApplication.php(180): CWebApplication->processRequest()
#9 /Applications/MAMP/htdocs/mastaki/index.php(13): CApplication->run()
#10 {main}
REQUEST_URI=/index.php?r=site/deviceType&type_id=3
HTTP_REFERER=http://mastaki/index.php?r=site/deviceType&type_id=2
---
2014/10/28 04:51:30 [error] [exception.CHttpException.101] exception 'CHttpException' with message '    ' in /Applications/MAMP/htdocs/mastaki/protected/controllers/SiteController.php:67
Stack trace:
#0 [internal function]: SiteController->actionDeviceType('3', NULL, NULL, 'BREAKDOWN')
#1 /Applications/MAMP/htdocs/mastaki/framework/web/actions/CAction.php(108): ReflectionMethod->invokeArgs(Object(SiteController), Array)
#2 /Applications/MAMP/htdocs/mastaki/framework/web/actions/CInlineAction.php(47): CAction->runWithParamsInternal(Object(SiteController), Object(ReflectionMethod), Array)
#3 /Applications/MAMP/htdocs/mastaki/framework/web/CController.php(308): CInlineAction->runWithParams(Array)
#4 /Applications/MAMP/htdocs/mastaki/framework/web/CController.php(286): CController->runAction(Object(CInlineAction))
#5 /Applications/MAMP/htdocs/mastaki/framework/web/CController.php(265): CController->runActionWithFilters(Object(CInlineAction), Array)
#6 /Applications/MAMP/htdocs/mastaki/framework/web/CWebApplication.php(282): CController->run('deviceType')
#7 /Applications/MAMP/htdocs/mastaki/framework/web/CWebApplication.php(141): CWebApplication->runController('site/deviceType')
#8 /Applications/MAMP/htdocs/mastaki/framework/base/CApplication.php(180): CWebApplication->processRequest()
#9 /Applications/MAMP/htdocs/mastaki/index.php(13): CApplication->run()
#10 {main}
REQUEST_URI=/index.php?r=site/deviceType&type_id=3
HTTP_REFERER=http://mastaki/index.php?r=site/deviceType&type_id=2
---
2014/10/28 04:51:37 [error] [exception.CHttpException.0] exception 'CHttpException' with message '    ' in /Applications/MAMP/htdocs/mastaki/protected/controllers/SiteController.php:67
Stack trace:
#0 [internal function]: SiteController->actionDeviceType('3', NULL, NULL, 'BREAKDOWN')
#1 /Applications/MAMP/htdocs/mastaki/framework/web/actions/CAction.php(108): ReflectionMethod->invokeArgs(Object(SiteController), Array)
#2 /Applications/MAMP/htdocs/mastaki/framework/web/actions/CInlineAction.php(47): CAction->runWithParamsInternal(Object(SiteController), Object(ReflectionMethod), Array)
#3 /Applications/MAMP/htdocs/mastaki/framework/web/CController.php(308): CInlineAction->runWithParams(Array)
#4 /Applications/MAMP/htdocs/mastaki/framework/web/CController.php(286): CController->runAction(Object(CInlineAction))
#5 /Applications/MAMP/htdocs/mastaki/framework/web/CController.php(265): CController->runActionWithFilters(Object(CInlineAction), Array)
#6 /Applications/MAMP/htdocs/mastaki/framework/web/CWebApplication.php(282): CController->run('deviceType')
#7 /Applications/MAMP/htdocs/mastaki/framework/web/CWebApplication.php(141): CWebApplication->runController('site/deviceType')
#8 /Applications/MAMP/htdocs/mastaki/framework/base/CApplication.php(180): CWebApplication->processRequest()
#9 /Applications/MAMP/htdocs/mastaki/index.php(13): CApplication->run()
#10 {main}
REQUEST_URI=/index.php?r=site/deviceType&type_id=3
HTTP_REFERER=http://mastaki/index.php?r=site/deviceType&type_id=2
---
2014/10/28 04:51:58 [error] [exception.CHttpException.0] exception 'CHttpException' with message '    ' in /Applications/MAMP/htdocs/mastaki/protected/controllers/SiteController.php:67
Stack trace:
#0 [internal function]: SiteController->actionDeviceType('3', NULL, NULL, 'BREAKDOWN')
#1 /Applications/MAMP/htdocs/mastaki/framework/web/actions/CAction.php(108): ReflectionMethod->invokeArgs(Object(SiteController), Array)
#2 /Applications/MAMP/htdocs/mastaki/framework/web/actions/CInlineAction.php(47): CAction->runWithParamsInternal(Object(SiteController), Object(ReflectionMethod), Array)
#3 /Applications/MAMP/htdocs/mastaki/framework/web/CController.php(308): CInlineAction->runWithParams(Array)
#4 /Applications/MAMP/htdocs/mastaki/framework/web/CController.php(286): CController->runAction(Object(CInlineAction))
#5 /Applications/MAMP/htdocs/mastaki/framework/web/CController.php(265): CController->runActionWithFilters(Object(CInlineAction), Array)
#6 /Applications/MAMP/htdocs/mastaki/framework/web/CWebApplication.php(282): CController->run('deviceType')
#7 /Applications/MAMP/htdocs/mastaki/framework/web/CWebApplication.php(141): CWebApplication->runController('site/deviceType')
#8 /Applications/MAMP/htdocs/mastaki/framework/base/CApplication.php(180): CWebApplication->processRequest()
#9 /Applications/MAMP/htdocs/mastaki/index.php(13): CApplication->run()
#10 {main}
REQUEST_URI=/index.php?r=site/deviceType&type_id=3
HTTP_REFERER=http://mastaki/index.php?r=site/deviceType&type_id=2
---
2014/10/28 04:52:06 [error] [exception.CHttpException.0] exception 'CHttpException' with message '    ' in /Applications/MAMP/htdocs/mastaki/protected/controllers/SiteController.php:67
Stack trace:
#0 [internal function]: SiteController->actionDeviceType('3', NULL, NULL, 'BREAKDOWN')
#1 /Applications/MAMP/htdocs/mastaki/framework/web/actions/CAction.php(108): ReflectionMethod->invokeArgs(Object(SiteController), Array)
#2 /Applications/MAMP/htdocs/mastaki/framework/web/actions/CInlineAction.php(47): CAction->runWithParamsInternal(Object(SiteController), Object(ReflectionMethod), Array)
#3 /Applications/MAMP/htdocs/mastaki/framework/web/CController.php(308): CInlineAction->runWithParams(Array)
#4 /Applications/MAMP/htdocs/mastaki/framework/web/CController.php(286): CController->runAction(Object(CInlineAction))
#5 /Applications/MAMP/htdocs/mastaki/framework/web/CController.php(265): CController->runActionWithFilters(Object(CInlineAction), Array)
#6 /Applications/MAMP/htdocs/mastaki/framework/web/CWebApplication.php(282): CController->run('deviceType')
#7 /Applications/MAMP/htdocs/mastaki/framework/web/CWebApplication.php(141): CWebApplication->runController('site/deviceType')
#8 /Applications/MAMP/htdocs/mastaki/framework/base/CApplication.php(180): CWebApplication->processRequest()
#9 /Applications/MAMP/htdocs/mastaki/index.php(13): CApplication->run()
#10 {main}
REQUEST_URI=/index.php?r=site/deviceType&type_id=3
HTTP_REFERER=http://mastaki/index.php?r=site/deviceType&type_id=2
---
2014/10/28 04:52:08 [error] [exception.CHttpException.0] exception 'CHttpException' with message '    ' in /Applications/MAMP/htdocs/mastaki/protected/controllers/SiteController.php:67
Stack trace:
#0 [internal function]: SiteController->actionDeviceType('3', NULL, NULL, 'BREAKDOWN')
#1 /Applications/MAMP/htdocs/mastaki/framework/web/actions/CAction.php(108): ReflectionMethod->invokeArgs(Object(SiteController), Array)
#2 /Applications/MAMP/htdocs/mastaki/framework/web/actions/CInlineAction.php(47): CAction->runWithParamsInternal(Object(SiteController), Object(ReflectionMethod), Array)
#3 /Applications/MAMP/htdocs/mastaki/framework/web/CController.php(308): CInlineAction->runWithParams(Array)
#4 /Applications/MAMP/htdocs/mastaki/framework/web/CController.php(286): CController->runAction(Object(CInlineAction))
#5 /Applications/MAMP/htdocs/mastaki/framework/web/CController.php(265): CController->runActionWithFilters(Object(CInlineAction), Array)
#6 /Applications/MAMP/htdocs/mastaki/framework/web/CWebApplication.php(282): CController->run('deviceType')
#7 /Applications/MAMP/htdocs/mastaki/framework/web/CWebApplication.php(141): CWebApplication->runController('site/deviceType')
#8 /Applications/MAMP/htdocs/mastaki/framework/base/CApplication.php(180): CWebApplication->processRequest()
#9 /Applications/MAMP/htdocs/mastaki/index.php(13): CApplication->run()
#10 {main}
REQUEST_URI=/index.php?r=site/deviceType&type_id=3
HTTP_REFERER=http://mastaki/index.php?r=site/deviceType&type_id=2
---
2014/10/28 04:52:11 [error] [exception.CHttpException.0] exception 'CHttpException' with message '    ' in /Applications/MAMP/htdocs/mastaki/protected/controllers/SiteController.php:67
Stack trace:
#0 [internal function]: SiteController->actionDeviceType('3', NULL, NULL, 'BREAKDOWN')
#1 /Applications/MAMP/htdocs/mastaki/framework/web/actions/CAction.php(108): ReflectionMethod->invokeArgs(Object(SiteController), Array)
#2 /Applications/MAMP/htdocs/mastaki/framework/web/actions/CInlineAction.php(47): CAction->runWithParamsInternal(Object(SiteController), Object(ReflectionMethod), Array)
#3 /Applications/MAMP/htdocs/mastaki/framework/web/CController.php(308): CInlineAction->runWithParams(Array)
#4 /Applications/MAMP/htdocs/mastaki/framework/web/CController.php(286): CController->runAction(Object(CInlineAction))
#5 /Applications/MAMP/htdocs/mastaki/framework/web/CController.php(265): CController->runActionWithFilters(Object(CInlineAction), Array)
#6 /Applications/MAMP/htdocs/mastaki/framework/web/CWebApplication.php(282): CController->run('deviceType')
#7 /Applications/MAMP/htdocs/mastaki/framework/web/CWebApplication.php(141): CWebApplication->runController('site/deviceType')
#8 /Applications/MAMP/htdocs/mastaki/framework/base/CApplication.php(180): CWebApplication->processRequest()
#9 /Applications/MAMP/htdocs/mastaki/index.php(13): CApplication->run()
#10 {main}
REQUEST_URI=/index.php?r=site/deviceType&type_id=3
HTTP_REFERER=http://mastaki/index.php?r=site/deviceType&type_id=2
---
2014/10/28 04:52:17 [error] [exception.CHttpException.0] exception 'CHttpException' with message '    ' in /Applications/MAMP/htdocs/mastaki/protected/controllers/SiteController.php:67
Stack trace:
#0 [internal function]: SiteController->actionDeviceType('3', NULL, NULL, 'BREAKDOWN')
#1 /Applications/MAMP/htdocs/mastaki/framework/web/actions/CAction.php(108): ReflectionMethod->invokeArgs(Object(SiteController), Array)
#2 /Applications/MAMP/htdocs/mastaki/framework/web/actions/CInlineAction.php(47): CAction->runWithParamsInternal(Object(SiteController), Object(ReflectionMethod), Array)
#3 /Applications/MAMP/htdocs/mastaki/framework/web/CController.php(308): CInlineAction->runWithParams(Array)
#4 /Applications/MAMP/htdocs/mastaki/framework/web/CController.php(286): CController->runAction(Object(CInlineAction))
#5 /Applications/MAMP/htdocs/mastaki/framework/web/CController.php(265): CController->runActionWithFilters(Object(CInlineAction), Array)
#6 /Applications/MAMP/htdocs/mastaki/framework/web/CWebApplication.php(282): CController->run('deviceType')
#7 /Applications/MAMP/htdocs/mastaki/framework/web/CWebApplication.php(141): CWebApplication->runController('site/deviceType')
#8 /Applications/MAMP/htdocs/mastaki/framework/base/CApplication.php(180): CWebApplication->processRequest()
#9 /Applications/MAMP/htdocs/mastaki/index.php(13): CApplication->run()
#10 {main}
REQUEST_URI=/index.php?r=site/deviceType&type_id=3
HTTP_REFERER=http://mastaki/index.php?r=site/deviceType&type_id=2
---
2014/10/28 04:52:28 [error] [exception.CHttpException.0] exception 'CHttpException' with message '    ' in /Applications/MAMP/htdocs/mastaki/protected/controllers/SiteController.php:67
Stack trace:
#0 [internal function]: SiteController->actionDeviceType('3', NULL, NULL, 'BREAKDOWN')
#1 /Applications/MAMP/htdocs/mastaki/framework/web/actions/CAction.php(108): ReflectionMethod->invokeArgs(Object(SiteController), Array)
#2 /Applications/MAMP/htdocs/mastaki/framework/web/actions/CInlineAction.php(47): CAction->runWithParamsInternal(Object(SiteController), Object(ReflectionMethod), Array)
#3 /Applications/MAMP/htdocs/mastaki/framework/web/CController.php(308): CInlineAction->runWithParams(Array)
#4 /Applications/MAMP/htdocs/mastaki/framework/web/CController.php(286): CController->runAction(Object(CInlineAction))
#5 /Applications/MAMP/htdocs/mastaki/framework/web/CController.php(265): CController->runActionWithFilters(Object(CInlineAction), Array)
#6 /Applications/MAMP/htdocs/mastaki/framework/web/CWebApplication.php(282): CController->run('deviceType')
#7 /Applications/MAMP/htdocs/mastaki/framework/web/CWebApplication.php(141): CWebApplication->runController('site/deviceType')
#8 /Applications/MAMP/htdocs/mastaki/framework/base/CApplication.php(180): CWebApplication->processRequest()
#9 /Applications/MAMP/htdocs/mastaki/index.php(13): CApplication->run()
#10 {main}
REQUEST_URI=/index.php?r=site/deviceType&type_id=3
HTTP_REFERER=http://mastaki/index.php?r=site/deviceType&type_id=2
---
2014/10/28 04:52:32 [error] [exception.CHttpException.0] exception 'CHttpException' with message '    ' in /Applications/MAMP/htdocs/mastaki/protected/controllers/SiteController.php:67
Stack trace:
#0 [internal function]: SiteController->actionDeviceType('3', NULL, NULL, 'BREAKDOWN')
#1 /Applications/MAMP/htdocs/mastaki/framework/web/actions/CAction.php(108): ReflectionMethod->invokeArgs(Object(SiteController), Array)
#2 /Applications/MAMP/htdocs/mastaki/framework/web/actions/CInlineAction.php(47): CAction->runWithParamsInternal(Object(SiteController), Object(ReflectionMethod), Array)
#3 /Applications/MAMP/htdocs/mastaki/framework/web/CController.php(308): CInlineAction->runWithParams(Array)
#4 /Applications/MAMP/htdocs/mastaki/framework/web/CController.php(286): CController->runAction(Object(CInlineAction))
#5 /Applications/MAMP/htdocs/mastaki/framework/web/CController.php(265): CController->runActionWithFilters(Object(CInlineAction), Array)
#6 /Applications/MAMP/htdocs/mastaki/framework/web/CWebApplication.php(282): CController->run('deviceType')
#7 /Applications/MAMP/htdocs/mastaki/framework/web/CWebApplication.php(141): CWebApplication->runController('site/deviceType')
#8 /Applications/MAMP/htdocs/mastaki/framework/base/CApplication.php(180): CWebApplication->processRequest()
#9 /Applications/MAMP/htdocs/mastaki/index.php(13): CApplication->run()
#10 {main}
REQUEST_URI=/index.php?r=site/deviceType&type_id=3
HTTP_REFERER=http://mastaki/index.php?r=site/deviceType&type_id=3
---
2014/10/28 04:53:00 [error] [exception.CHttpException.0] exception 'CHttpException' with message '    ' in /Applications/MAMP/htdocs/mastaki/protected/controllers/SiteController.php:67
Stack trace:
#0 [internal function]: SiteController->actionDeviceType('3', NULL, NULL, 'BREAKDOWN')
#1 /Applications/MAMP/htdocs/mastaki/framework/web/actions/CAction.php(108): ReflectionMethod->invokeArgs(Object(SiteController), Array)
#2 /Applications/MAMP/htdocs/mastaki/framework/web/actions/CInlineAction.php(47): CAction->runWithParamsInternal(Object(SiteController), Object(ReflectionMethod), Array)
#3 /Applications/MAMP/htdocs/mastaki/framework/web/CController.php(308): CInlineAction->runWithParams(Array)
#4 /Applications/MAMP/htdocs/mastaki/framework/web/CController.php(286): CController->runAction(Object(CInlineAction))
#5 /Applications/MAMP/htdocs/mastaki/framework/web/CController.php(265): CController->runActionWithFilters(Object(CInlineAction), Array)
#6 /Applications/MAMP/htdocs/mastaki/framework/web/CWebApplication.php(282): CController->run('deviceType')
#7 /Applications/MAMP/htdocs/mastaki/framework/web/CWebApplication.php(141): CWebApplication->runController('site/deviceType')
#8 /Applications/MAMP/htdocs/mastaki/framework/base/CApplication.php(180): CWebApplication->processRequest()
#9 /Applications/MAMP/htdocs/mastaki/index.php(13): CApplication->run()
#10 {main}
REQUEST_URI=/index.php?r=site/deviceType&type_id=3
HTTP_REFERER=http://mastaki/index.php?r=site/deviceType&type_id=2&manufacturer_id=2&device_id=3&problem_type=BREAKDOWN
---
2014/10/28 04:53:02 [error] [exception.CHttpException.0] exception 'CHttpException' with message '    ' in /Applications/MAMP/htdocs/mastaki/protected/controllers/SiteController.php:67
Stack trace:
#0 [internal function]: SiteController->actionDeviceType('3', NULL, NULL, 'BREAKDOWN')
#1 /Applications/MAMP/htdocs/mastaki/framework/web/actions/CAction.php(108): ReflectionMethod->invokeArgs(Object(SiteController), Array)
#2 /Applications/MAMP/htdocs/mastaki/framework/web/actions/CInlineAction.php(47): CAction->runWithParamsInternal(Object(SiteController), Object(ReflectionMethod), Array)
#3 /Applications/MAMP/htdocs/mastaki/framework/web/CController.php(308): CInlineAction->runWithParams(Array)
#4 /Applications/MAMP/htdocs/mastaki/framework/web/CController.php(286): CController->runAction(Object(CInlineAction))
#5 /Applications/MAMP/htdocs/mastaki/framework/web/CController.php(265): CController->runActionWithFilters(Object(CInlineAction), Array)
#6 /Applications/MAMP/htdocs/mastaki/framework/web/CWebApplication.php(282): CController->run('deviceType')
#7 /Applications/MAMP/htdocs/mastaki/framework/web/CWebApplication.php(141): CWebApplication->runController('site/deviceType')
#8 /Applications/MAMP/htdocs/mastaki/framework/base/CApplication.php(180): CWebApplication->processRequest()
#9 /Applications/MAMP/htdocs/mastaki/index.php(13): CApplication->run()
#10 {main}
REQUEST_URI=/index.php?r=site/deviceType&type_id=3
HTTP_REFERER=http://mastaki/index.php?r=site/deviceType&type_id=3
---
2014/10/28 04:53:04 [error] [exception.CHttpException.0] exception 'CHttpException' with message '    ' in /Applications/MAMP/htdocs/mastaki/protected/controllers/SiteController.php:67
Stack trace:
#0 [internal function]: SiteController->actionDeviceType('4', NULL, NULL, 'BREAKDOWN')
#1 /Applications/MAMP/htdocs/mastaki/framework/web/actions/CAction.php(108): ReflectionMethod->invokeArgs(Object(SiteController), Array)
#2 /Applications/MAMP/htdocs/mastaki/framework/web/actions/CInlineAction.php(47): CAction->runWithParamsInternal(Object(SiteController), Object(ReflectionMethod), Array)
#3 /Applications/MAMP/htdocs/mastaki/framework/web/CController.php(308): CInlineAction->runWithParams(Array)
#4 /Applications/MAMP/htdocs/mastaki/framework/web/CController.php(286): CController->runAction(Object(CInlineAction))
#5 /Applications/MAMP/htdocs/mastaki/framework/web/CController.php(265): CController->runActionWithFilters(Object(CInlineAction), Array)
#6 /Applications/MAMP/htdocs/mastaki/framework/web/CWebApplication.php(282): CController->run('deviceType')
#7 /Applications/MAMP/htdocs/mastaki/framework/web/CWebApplication.php(141): CWebApplication->runController('site/deviceType')
#8 /Applications/MAMP/htdocs/mastaki/framework/base/CApplication.php(180): CWebApplication->processRequest()
#9 /Applications/MAMP/htdocs/mastaki/index.php(13): CApplication->run()
#10 {main}
REQUEST_URI=/index.php?r=site/deviceType&type_id=4
HTTP_REFERER=http://mastaki/index.php?r=site/deviceType&type_id=3
---
2014/10/28 04:55:00 [error] [exception.CHttpException.0] exception 'CHttpException' with message '    ' in /Applications/MAMP/htdocs/mastaki/protected/controllers/SiteController.php:67
Stack trace:
#0 [internal function]: SiteController->actionDeviceType('3', NULL, NULL, 'BREAKDOWN')
#1 /Applications/MAMP/htdocs/mastaki/framework/web/actions/CAction.php(108): ReflectionMethod->invokeArgs(Object(SiteController), Array)
#2 /Applications/MAMP/htdocs/mastaki/framework/web/actions/CInlineAction.php(47): CAction->runWithParamsInternal(Object(SiteController), Object(ReflectionMethod), Array)
#3 /Applications/MAMP/htdocs/mastaki/framework/web/CController.php(308): CInlineAction->runWithParams(Array)
#4 /Applications/MAMP/htdocs/mastaki/framework/web/CController.php(286): CController->runAction(Object(CInlineAction))
#5 /Applications/MAMP/htdocs/mastaki/framework/web/CController.php(265): CController->runActionWithFilters(Object(CInlineAction), Array)
#6 /Applications/MAMP/htdocs/mastaki/framework/web/CWebApplication.php(282): CController->run('deviceType')
#7 /Applications/MAMP/htdocs/mastaki/framework/web/CWebApplication.php(141): CWebApplication->runController('site/deviceType')
#8 /Applications/MAMP/htdocs/mastaki/framework/base/CApplication.php(180): CWebApplication->processRequest()
#9 /Applications/MAMP/htdocs/mastaki/index.php(13): CApplication->run()
#10 {main}
REQUEST_URI=/index.php?r=site/deviceType&type_id=3
HTTP_REFERER=http://mastaki/index.php?r=site/deviceType&type_id=2
---
2014/10/28 04:55:02 [error] [exception.CHttpException.0] exception 'CHttpException' with message '    ' in /Applications/MAMP/htdocs/mastaki/protected/controllers/SiteController.php:67
Stack trace:
#0 [internal function]: SiteController->actionDeviceType('4', NULL, NULL, 'BREAKDOWN')
#1 /Applications/MAMP/htdocs/mastaki/framework/web/actions/CAction.php(108): ReflectionMethod->invokeArgs(Object(SiteController), Array)
#2 /Applications/MAMP/htdocs/mastaki/framework/web/actions/CInlineAction.php(47): CAction->runWithParamsInternal(Object(SiteController), Object(ReflectionMethod), Array)
#3 /Applications/MAMP/htdocs/mastaki/framework/web/CController.php(308): CInlineAction->runWithParams(Array)
#4 /Applications/MAMP/htdocs/mastaki/framework/web/CController.php(286): CController->runAction(Object(CInlineAction))
#5 /Applications/MAMP/htdocs/mastaki/framework/web/CController.php(265): CController->runActionWithFilters(Object(CInlineAction), Array)
#6 /Applications/MAMP/htdocs/mastaki/framework/web/CWebApplication.php(282): CController->run('deviceType')
#7 /Applications/MAMP/htdocs/mastaki/framework/web/CWebApplication.php(141): CWebApplication->runController('site/deviceType')
#8 /Applications/MAMP/htdocs/mastaki/framework/base/CApplication.php(180): CWebApplication->processRequest()
#9 /Applications/MAMP/htdocs/mastaki/index.php(13): CApplication->run()
#10 {main}
REQUEST_URI=/index.php?r=site/deviceType&type_id=4
HTTP_REFERER=http://mastaki/index.php?r=site/deviceType&type_id=3
---
2014/10/28 05:08:40 [error] [exception.CException] exception 'CException' with message 'Property "Problem.price" is not defined.' in /Applications/MAMP/htdocs/mastaki/framework/base/CComponent.php:130
Stack trace:
#0 /Applications/MAMP/htdocs/mastaki/framework/db/ar/CActiveRecord.php(145): CComponent->__get('price')
#1 /Applications/MAMP/htdocs/mastaki/protected/views/site/deviceType.php(56): CActiveRecord->__get('price')
#2 /Applications/MAMP/htdocs/mastaki/framework/web/CBaseController.php(126): require('/Applications/M...')
#3 /Applications/MAMP/htdocs/mastaki/framework/web/CBaseController.php(95): CBaseController->renderInternal('/Applications/M...', Array, true)
#4 /Applications/MAMP/htdocs/mastaki/framework/web/CController.php(869): CBaseController->renderFile('/Applications/M...', Array, true)
#5 /Applications/MAMP/htdocs/mastaki/framework/web/CController.php(782): CController->renderPartial('deviceType', Array, true)
#6 /Applications/MAMP/htdocs/mastaki/protected/controllers/SiteController.php(100): CController->render('deviceType', Array)
#7 [internal function]: SiteController->actionDeviceType('1', '1', '1', 'BREAKDOWN')
#8 /Applications/MAMP/htdocs/mastaki/framework/web/actions/CAction.php(108): ReflectionMethod->invokeArgs(Object(SiteController), Array)
#9 /Applications/MAMP/htdocs/mastaki/framework/web/actions/CInlineAction.php(47): CAction->runWithParamsInternal(Object(SiteController), Object(ReflectionMethod), Array)
#10 /Applications/MAMP/htdocs/mastaki/framework/web/CController.php(308): CInlineAction->runWithParams(Array)
#11 /Applications/MAMP/htdocs/mastaki/framework/web/CController.php(286): CController->runAction(Object(CInlineAction))
#12 /Applications/MAMP/htdocs/mastaki/framework/web/CController.php(265): CController->runActionWithFilters(Object(CInlineAction), Array)
#13 /Applications/MAMP/htdocs/mastaki/framework/web/CWebApplication.php(282): CController->run('deviceType')
#14 /Applications/MAMP/htdocs/mastaki/framework/web/CWebApplication.php(141): CWebApplication->runController('site/deviceType')
#15 /Applications/MAMP/htdocs/mastaki/framework/base/CApplication.php(180): CWebApplication->processRequest()
#16 /Applications/MAMP/htdocs/mastaki/index.php(13): CApplication->run()
#17 {main}
REQUEST_URI=/index.php?r=site/deviceType&type_id=1&manufacturer_id=1&device_id=1&problem_type=BREAKDOWN
HTTP_REFERER=http://mastaki/index.php?r=site/deviceType&type_id=1&manufacturer_id=1&device_id=5&problem_type=BREAKDOWN
---
